\BOOKMARK [0][-]{chapter.1}{\376\377\0001\000\040\000N\000a\000m\000e\000s\000p\000a\000c\000e\000\040\000I\000n\000d\000e\000x}{}% 1
\BOOKMARK [1][-]{section.1.1}{\376\377\0001\000.\0001\000\040\000N\000a\000m\000e\000s\000p\000a\000c\000e\000\040\000L\000i\000s\000t}{chapter.1}% 2
\BOOKMARK [0][-]{chapter.2}{\376\377\0002\000\040\000F\000i\000l\000e\000\040\000I\000n\000d\000e\000x}{}% 3
\BOOKMARK [1][-]{section.2.1}{\376\377\0002\000.\0001\000\040\000F\000i\000l\000e\000\040\000L\000i\000s\000t}{chapter.2}% 4
\BOOKMARK [0][-]{chapter.3}{\376\377\0003\000\040\000N\000a\000m\000e\000s\000p\000a\000c\000e\000\040\000D\000o\000c\000u\000m\000e\000n\000t\000a\000t\000i\000o\000n}{}% 5
\BOOKMARK [1][-]{section.3.1}{\376\377\0003\000.\0001\000\040\000k\000o\000l\000u\000m\000n\000o\000w\000e\000\040\000N\000a\000m\000e\000s\000p\000a\000c\000e\000\040\000R\000e\000f\000e\000r\000e\000n\000c\000e}{chapter.3}% 6
\BOOKMARK [2][-]{subsection.3.1.1}{\376\377\0003\000.\0001\000.\0001\000\040\000F\000u\000n\000c\000t\000i\000o\000n\000\040\000D\000o\000c\000u\000m\000e\000n\000t\000a\000t\000i\000o\000n}{section.3.1}% 7
\BOOKMARK [3][-]{subsubsection.3.1.1.1}{\376\377\0003\000.\0001\000.\0001\000.\0001\000\040\000a\000u\000t\000o\000l\000a\000b\000e\000l\000\050\000\051}{subsection.3.1.1}% 8
\BOOKMARK [2][-]{subsection.3.1.2}{\376\377\0003\000.\0001\000.\0002\000\040\000V\000a\000r\000i\000a\000b\000l\000e\000\040\000D\000o\000c\000u\000m\000e\000n\000t\000a\000t\000i\000o\000n}{section.3.1}% 9
\BOOKMARK [3][-]{subsubsection.3.1.2.1}{\376\377\0003\000.\0001\000.\0002\000.\0001\000\040\000a\000x\0001}{subsection.3.1.2}% 10
\BOOKMARK [3][-]{subsubsection.3.1.2.2}{\376\377\0003\000.\0001\000.\0002\000.\0002\000\040\000a\000x\0002}{subsection.3.1.2}% 11
\BOOKMARK [3][-]{subsubsection.3.1.2.3}{\376\377\0003\000.\0001\000.\0002\000.\0003\000\040\000f\000i\000g\000s\000i\000z\000e}{subsection.3.1.2}% 12
\BOOKMARK [3][-]{subsubsection.3.1.2.4}{\376\377\0003\000.\0001\000.\0002\000.\0004\000\040\000m\000e\000d\000\137\0001}{subsection.3.1.2}% 13
\BOOKMARK [3][-]{subsubsection.3.1.2.5}{\376\377\0003\000.\0001\000.\0002\000.\0005\000\040\000m\000e\000d\000\137\0002}{subsection.3.1.2}% 14
\BOOKMARK [3][-]{subsubsection.3.1.2.6}{\376\377\0003\000.\0001\000.\0002\000.\0006\000\040\000m\000e\000d\000\137\0003}{subsection.3.1.2}% 15
\BOOKMARK [3][-]{subsubsection.3.1.2.7}{\376\377\0003\000.\0001\000.\0002\000.\0007\000\040\000m\000e\000d\000\137\0004}{subsection.3.1.2}% 16
\BOOKMARK [3][-]{subsubsection.3.1.2.8}{\376\377\0003\000.\0001\000.\0002\000.\0008\000\040\000m\000e\000d\000i\000a\000n\000a\000\137\0001}{subsection.3.1.2}% 17
\BOOKMARK [3][-]{subsubsection.3.1.2.9}{\376\377\0003\000.\0001\000.\0002\000.\0009\000\040\000m\000e\000d\000i\000a\000n\000a\000\137\0002}{subsection.3.1.2}% 18
\BOOKMARK [3][-]{subsubsection.3.1.2.10}{\376\377\0003\000.\0001\000.\0002\000.\0001\0000\000\040\000m\000e\000d\000i\000a\000n\000a\000\137\0003}{subsection.3.1.2}% 19
\BOOKMARK [3][-]{subsubsection.3.1.2.11}{\376\377\0003\000.\0001\000.\0002\000.\0001\0001\000\040\000m\000e\000d\000i\000a\000n\000a\000\137\0004}{subsection.3.1.2}% 20
\BOOKMARK [3][-]{subsubsection.3.1.2.12}{\376\377\0003\000.\0001\000.\0002\000.\0001\0002\000\040\000m\000e\000t\000h\000o\000d\000s\000\137\0001}{subsection.3.1.2}% 21
\BOOKMARK [3][-]{subsubsection.3.1.2.13}{\376\377\0003\000.\0001\000.\0002\000.\0001\0003\000\040\000m\000e\000t\000h\000o\000d\000s\000\137\0002}{subsection.3.1.2}% 22
\BOOKMARK [3][-]{subsubsection.3.1.2.14}{\376\377\0003\000.\0001\000.\0002\000.\0001\0004\000\040\000m\000e\000t\000h\000o\000d\000s\000\137\0003}{subsection.3.1.2}% 23
\BOOKMARK [3][-]{subsubsection.3.1.2.15}{\376\377\0003\000.\0001\000.\0002\000.\0001\0005\000\040\000m\000e\000t\000h\000o\000d\000s\000\137\0004}{subsection.3.1.2}% 24
\BOOKMARK [3][-]{subsubsection.3.1.2.16}{\376\377\0003\000.\0001\000.\0002\000.\0001\0006\000\040\000m\000s\000e\000\137\0001}{subsection.3.1.2}% 25
\BOOKMARK [3][-]{subsubsection.3.1.2.17}{\376\377\0003\000.\0001\000.\0002\000.\0001\0007\000\040\000m\000s\000e\000\137\0002}{subsection.3.1.2}% 26
\BOOKMARK [3][-]{subsubsection.3.1.2.18}{\376\377\0003\000.\0001\000.\0002\000.\0001\0008\000\040\000m\000s\000e\000\137\0003}{subsection.3.1.2}% 27
\BOOKMARK [3][-]{subsubsection.3.1.2.19}{\376\377\0003\000.\0001\000.\0002\000.\0001\0009\000\040\000m\000s\000e\000\137\0004}{subsection.3.1.2}% 28
\BOOKMARK [3][-]{subsubsection.3.1.2.20}{\376\377\0003\000.\0001\000.\0002\000.\0002\0000\000\040\000r\000e\000c\000t\000s\0001\000\137\0001}{subsection.3.1.2}% 29
\BOOKMARK [3][-]{subsubsection.3.1.2.21}{\376\377\0003\000.\0001\000.\0002\000.\0002\0001\000\040\000r\000e\000c\000t\000s\0001\000\137\0002}{subsection.3.1.2}% 30
\BOOKMARK [3][-]{subsubsection.3.1.2.22}{\376\377\0003\000.\0001\000.\0002\000.\0002\0002\000\040\000r\000e\000c\000t\000s\0001\000\137\0003}{subsection.3.1.2}% 31
\BOOKMARK [3][-]{subsubsection.3.1.2.23}{\376\377\0003\000.\0001\000.\0002\000.\0002\0003\000\040\000r\000e\000c\000t\000s\0001\000\137\0004}{subsection.3.1.2}% 32
\BOOKMARK [3][-]{subsubsection.3.1.2.24}{\376\377\0003\000.\0001\000.\0002\000.\0002\0004\000\040\000r\000e\000c\000t\000s\0002\000\137\0001}{subsection.3.1.2}% 33
\BOOKMARK [3][-]{subsubsection.3.1.2.25}{\376\377\0003\000.\0001\000.\0002\000.\0002\0005\000\040\000r\000e\000c\000t\000s\0002\000\137\0002}{subsection.3.1.2}% 34
\BOOKMARK [3][-]{subsubsection.3.1.2.26}{\376\377\0003\000.\0001\000.\0002\000.\0002\0006\000\040\000r\000e\000c\000t\000s\0002\000\137\0003}{subsection.3.1.2}% 35
\BOOKMARK [3][-]{subsubsection.3.1.2.27}{\376\377\0003\000.\0001\000.\0002\000.\0002\0007\000\040\000r\000e\000c\000t\000s\0002\000\137\0004}{subsection.3.1.2}% 36
\BOOKMARK [3][-]{subsubsection.3.1.2.28}{\376\377\0003\000.\0001\000.\0002\000.\0002\0008\000\040\000r\000e\000c\000t\000s\0003\000\137\0001}{subsection.3.1.2}% 37
\BOOKMARK [3][-]{subsubsection.3.1.2.29}{\376\377\0003\000.\0001\000.\0002\000.\0002\0009\000\040\000r\000e\000c\000t\000s\0003\000\137\0002}{subsection.3.1.2}% 38
\BOOKMARK [3][-]{subsubsection.3.1.2.30}{\376\377\0003\000.\0001\000.\0002\000.\0003\0000\000\040\000r\000e\000c\000t\000s\0003\000\137\0003}{subsection.3.1.2}% 39
\BOOKMARK [3][-]{subsubsection.3.1.2.31}{\376\377\0003\000.\0001\000.\0002\000.\0003\0001\000\040\000r\000e\000c\000t\000s\0003\000\137\0004}{subsection.3.1.2}% 40
\BOOKMARK [3][-]{subsubsection.3.1.2.32}{\376\377\0003\000.\0001\000.\0002\000.\0003\0002\000\040\000r\000e\000c\000t\000s\0004\000\137\0001}{subsection.3.1.2}% 41
\BOOKMARK [3][-]{subsubsection.3.1.2.33}{\376\377\0003\000.\0001\000.\0002\000.\0003\0003\000\040\000r\000e\000c\000t\000s\0004\000\137\0002}{subsection.3.1.2}% 42
\BOOKMARK [3][-]{subsubsection.3.1.2.34}{\376\377\0003\000.\0001\000.\0002\000.\0003\0004\000\040\000r\000e\000c\000t\000s\0004\000\137\0003}{subsection.3.1.2}% 43
\BOOKMARK [3][-]{subsubsection.3.1.2.35}{\376\377\0003\000.\0001\000.\0002\000.\0003\0005\000\040\000r\000e\000c\000t\000s\0004\000\137\0004}{subsection.3.1.2}% 44
\BOOKMARK [3][-]{subsubsection.3.1.2.36}{\376\377\0003\000.\0001\000.\0002\000.\0003\0006\000\040\000r\000m\000s\000e\000\137\0001}{subsection.3.1.2}% 45
\BOOKMARK [3][-]{subsubsection.3.1.2.37}{\376\377\0003\000.\0001\000.\0002\000.\0003\0007\000\040\000r\000m\000s\000e\000\137\0002}{subsection.3.1.2}% 46
\BOOKMARK [3][-]{subsubsection.3.1.2.38}{\376\377\0003\000.\0001\000.\0002\000.\0003\0008\000\040\000r\000m\000s\000e\000\137\0003}{subsection.3.1.2}% 47
\BOOKMARK [3][-]{subsubsection.3.1.2.39}{\376\377\0003\000.\0001\000.\0002\000.\0003\0009\000\040\000r\000m\000s\000e\000\137\0004}{subsection.3.1.2}% 48
\BOOKMARK [3][-]{subsubsection.3.1.2.40}{\376\377\0003\000.\0001\000.\0002\000.\0004\0000\000\040\000w\000i\000d\000t\000h}{subsection.3.1.2}% 49
\BOOKMARK [3][-]{subsubsection.3.1.2.41}{\376\377\0003\000.\0001\000.\0002\000.\0004\0001\000\040\000x}{subsection.3.1.2}% 50
\BOOKMARK [1][-]{section.3.2}{\376\377\0003\000.\0002\000\040\000m\000a\000i\000n\000\040\000N\000a\000m\000e\000s\000p\000a\000c\000e\000\040\000R\000e\000f\000e\000r\000e\000n\000c\000e}{chapter.3}% 51
\BOOKMARK [2][-]{subsection.3.2.1}{\376\377\0003\000.\0002\000.\0001\000\040\000F\000u\000n\000c\000t\000i\000o\000n\000\040\000D\000o\000c\000u\000m\000e\000n\000t\000a\000t\000i\000o\000n}{section.3.2}% 52
\BOOKMARK [3][-]{subsubsection.3.2.1.1}{\376\377\0003\000.\0002\000.\0001\000.\0001\000\040\000c\000a\000l\000c\000u\000l\000a\000t\000e\000\137\000g\000r\000o\000u\000p\000s\000\137\000e\000r\000r\000o\000r\000s\000\050\000\051}{subsection.3.2.1}% 53
\BOOKMARK [3][-]{subsubsection.3.2.1.2}{\376\377\0003\000.\0002\000.\0001\000.\0002\000\040\000c\000a\000l\000c\000u\000l\000a\000t\000e\000\137\000m\000e\000a\000n\000\137\000e\000u\000c\000l\000i\000d\000e\000a\000n\000\137\000e\000r\000r\000o\000r\000\050\000\051}{subsection.3.2.1}% 54
\BOOKMARK [3][-]{subsubsection.3.2.1.3}{\376\377\0003\000.\0002\000.\0001\000.\0003\000\040\000c\000a\000l\000c\000u\000l\000a\000t\000e\000\137\000m\000s\000e\000\050\000\051}{subsection.3.2.1}% 55
\BOOKMARK [3][-]{subsubsection.3.2.1.4}{\376\377\0003\000.\0002\000.\0001\000.\0004\000\040\000c\000a\000l\000c\000u\000l\000a\000t\000e\000\137\000r\000m\000s\000e\000\050\000\051}{subsection.3.2.1}% 56
\BOOKMARK [3][-]{subsubsection.3.2.1.5}{\376\377\0003\000.\0002\000.\0001\000.\0005\000\040\000e\000u\000c\000l\000i\000d\000e\000a\000n\000\137\000d\000i\000s\000t\000a\000n\000c\000e\000\050\000\051}{subsection.3.2.1}% 57
\BOOKMARK [3][-]{subsubsection.3.2.1.6}{\376\377\0003\000.\0002\000.\0001\000.\0006\000\040\000f\000i\000n\000d\000\137\000c\000l\000o\000s\000e\000s\000t\000\137\000p\000o\000i\000n\000t\000\050\000\051}{subsection.3.2.1}% 58
\BOOKMARK [3][-]{subsubsection.3.2.1.7}{\376\377\0003\000.\0002\000.\0001\000.\0007\000\040\000g\000r\000o\000u\000p\000\137\000d\000a\000t\000a\000\050\000\051}{subsection.3.2.1}% 59
\BOOKMARK [3][-]{subsubsection.3.2.1.8}{\376\377\0003\000.\0002\000.\0001\000.\0008\000\040\000g\000r\000o\000u\000p\000\137\000d\000a\000t\000a\000\137\000b\000y\000\137\000o\000r\000i\000g\000i\000n\000a\000l\000\050\000\051}{subsection.3.2.1}% 60
\BOOKMARK [3][-]{subsubsection.3.2.1.9}{\376\377\0003\000.\0002\000.\0001\000.\0009\000\040\000h\000a\000v\000e\000r\000s\000i\000n\000e\000\137\000d\000i\000s\000t\000a\000n\000c\000e\000\050\000\051}{subsection.3.2.1}% 61
\BOOKMARK [3][-]{subsubsection.3.2.1.10}{\376\377\0003\000.\0002\000.\0001\000.\0001\0000\000\040\000i\000n\000t\000e\000r\000p\000o\000l\000a\000t\000e\000\137\000r\000e\000f\000e\000r\000e\000n\000c\000e\000\050\000\051}{subsection.3.2.1}% 62
\BOOKMARK [2][-]{subsection.3.2.2}{\376\377\0003\000.\0002\000.\0002\000\040\000V\000a\000r\000i\000a\000b\000l\000e\000\040\000D\000o\000c\000u\000m\000e\000n\000t\000a\000t\000i\000o\000n}{section.3.2}% 63
\BOOKMARK [3][-]{subsubsection.3.2.2.1}{\376\377\0003\000.\0002\000.\0002\000.\0001\000\040\000a\000x}{subsection.3.2.2}% 64
\BOOKMARK [3][-]{subsubsection.3.2.2.2}{\376\377\0003\000.\0002\000.\0002\000.\0002\000\040\000a\000x\000s}{subsection.3.2.2}% 65
\BOOKMARK [3][-]{subsubsection.3.2.2.3}{\376\377\0003\000.\0002\000.\0002\000.\0003\000\040\000b\000b\000o\000x\000\137\000t\000o\000\137\000a\000n\000c\000h\000o\000r}{subsection.3.2.2}% 66
\BOOKMARK [3][-]{subsubsection.3.2.2.4}{\376\377\0003\000.\0002\000.\0002\000.\0004\000\040\000c}{subsection.3.2.2}% 67
\BOOKMARK [3][-]{subsubsection.3.2.2.5}{\376\377\0003\000.\0002\000.\0002\000.\0005\000\040\000c\000o\000l\000o\000r}{subsection.3.2.2}% 68
\BOOKMARK [3][-]{subsubsection.3.2.2.6}{\376\377\0003\000.\0002\000.\0002\000.\0006\000\040\000c\000o\000n\000f\000i\000g}{subsection.3.2.2}% 69
\BOOKMARK [3][-]{subsubsection.3.2.2.7}{\376\377\0003\000.\0002\000.\0002\000.\0007\000\040\000c\000o\000n\000f\000i\000g\000\137\000p\000a\000t\000h}{subsection.3.2.2}% 70
\BOOKMARK [3][-]{subsubsection.3.2.2.8}{\376\377\0003\000.\0002\000.\0002\000.\0008\000\040\000d\000a\000t\000a\000\137\000f\000i\000l\000e\000s}{subsection.3.2.2}% 71
\BOOKMARK [3][-]{subsubsection.3.2.2.9}{\376\377\0003\000.\0002\000.\0002\000.\0009\000\040\000e\000r\000r\000o\000r\000s}{subsection.3.2.2}% 72
\BOOKMARK [3][-]{subsubsection.3.2.2.10}{\376\377\0003\000.\0002\000.\0002\000.\0001\0000\000\040\000e\000r\000r\000o\000r\000s\0002}{subsection.3.2.2}% 73
\BOOKMARK [3][-]{subsubsection.3.2.2.11}{\376\377\0003\000.\0002\000.\0002\000.\0001\0001\000\040\000f\000i\000g}{subsection.3.2.2}% 74
\BOOKMARK [3][-]{subsubsection.3.2.2.12}{\376\377\0003\000.\0002\000.\0002\000.\0001\0002\000\040\000f\000i\000g\000s\000i\000z\000e}{subsection.3.2.2}% 75
\BOOKMARK [3][-]{subsubsection.3.2.2.13}{\376\377\0003\000.\0002\000.\0002\000.\0001\0003\000\040\000f\000u\000l\000l\000\137\000p\000a\000t\000h}{subsection.3.2.2}% 76
\BOOKMARK [3][-]{subsubsection.3.2.2.14}{\376\377\0003\000.\0002\000.\0002\000.\0001\0004\000\040\000g\000r\000o\000u\000p}{subsection.3.2.2}% 77
\BOOKMARK [3][-]{subsubsection.3.2.2.15}{\376\377\0003\000.\0002\000.\0002\000.\0001\0005\000\040\000g\000r\000o\000u\000p\000\137\000c\000o\000l\000o\000r\000s}{subsection.3.2.2}% 78
\BOOKMARK [3][-]{subsubsection.3.2.2.16}{\376\377\0003\000.\0002\000.\0002\000.\0001\0006\000\040\000g\000r\000o\000u\000p\000e\000d\000\137\000o\000r\000i\000g\000i\000n\000a\000l\000\137\000d\000a\000t\000a}{subsection.3.2.2}% 79
\BOOKMARK [3][-]{subsubsection.3.2.2.17}{\376\377\0003\000.\0002\000.\0002\000.\0001\0007\000\040\000g\000r\000o\000u\000p\000e\000d\000\137\000s\000m\000o\000o\000t\000h\000e\000d\000\137\000d\000a\000t\000a}{subsection.3.2.2}% 80
\BOOKMARK [3][-]{subsubsection.3.2.2.18}{\376\377\0003\000.\0002\000.\0002\000.\0001\0008\000\040\000h\000a\000n\000d\000l\000e\000s}{subsection.3.2.2}% 81
\BOOKMARK [3][-]{subsubsection.3.2.2.19}{\376\377\0003\000.\0002\000.\0002\000.\0001\0009\000\040\000h\000b}{subsection.3.2.2}% 82
\BOOKMARK [3][-]{subsubsection.3.2.2.20}{\376\377\0003\000.\0002\000.\0002\000.\0002\0000\000\040\000i\000n\000t\000e\000r\000p\000o\000l\000a\000t\000e\000d\000\137\000r\000e\000f\000\137\000d\000a\000t\000a}{subsection.3.2.2}% 83
\BOOKMARK [3][-]{subsubsection.3.2.2.21}{\376\377\0003\000.\0002\000.\0002\000.\0002\0001\000\040\000i\000n\000t\000e\000r\000p\000o\000l\000a\000t\000e\000d\000\137\000r\000e\000f\000\137\000d\000a\000t\000a\000\137\000n\000p}{subsection.3.2.2}% 84
\BOOKMARK [3][-]{subsubsection.3.2.2.22}{\376\377\0003\000.\0002\000.\0002\000.\0002\0002\000\040\000l\000a\000b\000e\000l}{subsection.3.2.2}% 85
\BOOKMARK [3][-]{subsubsection.3.2.2.23}{\376\377\0003\000.\0002\000.\0002\000.\0002\0003\000\040\000l\000a\000t}{subsection.3.2.2}% 86
\BOOKMARK [3][-]{subsubsection.3.2.2.24}{\376\377\0003\000.\0002\000.\0002\000.\0002\0004\000\040\000l\000o\000c}{subsection.3.2.2}% 87
\BOOKMARK [3][-]{subsubsection.3.2.2.25}{\376\377\0003\000.\0002\000.\0002\000.\0002\0005\000\040\000l\000o\000n}{subsection.3.2.2}% 88
\BOOKMARK [3][-]{subsubsection.3.2.2.26}{\376\377\0003\000.\0002\000.\0002\000.\0002\0006\000\040\000m\000a\000e}{subsection.3.2.2}% 89
\BOOKMARK [3][-]{subsubsection.3.2.2.27}{\376\377\0003\000.\0002\000.\0002\000.\0002\0007\000\040\000m\000a\000e\0002}{subsection.3.2.2}% 90
\BOOKMARK [3][-]{subsubsection.3.2.2.28}{\376\377\0003\000.\0002\000.\0002\000.\0002\0008\000\040\000m\000a\000t\000c\000h}{subsection.3.2.2}% 91
\BOOKMARK [3][-]{subsubsection.3.2.2.29}{\376\377\0003\000.\0002\000.\0002\000.\0002\0009\000\040\000m\000a\000x\000\137\000d\000i\000s\000t\000a\000n\000c\000e}{subsection.3.2.2}% 92
\BOOKMARK [3][-]{subsubsection.3.2.2.30}{\376\377\0003\000.\0002\000.\0002\000.\0003\0000\000\040\000m\000e\000a\000n\000\137\000e\000r\000r\000o\000r}{subsection.3.2.2}% 93
\BOOKMARK [3][-]{subsubsection.3.2.2.31}{\376\377\0003\000.\0002\000.\0002\000.\0003\0001\000\040\000m\000e\000a\000n\000\137\000e\000r\000r\000o\000r\0003}{subsection.3.2.2}% 94
\BOOKMARK [3][-]{subsubsection.3.2.2.32}{\376\377\0003\000.\0002\000.\0002\000.\0003\0002\000\040\000m\000e\000a\000n\000\137\000e\000r\000r\000o\000r\000\137\000n\000o\000\137\000g\000r\000o\000u\000p\000s}{subsection.3.2.2}% 95
\BOOKMARK [3][-]{subsubsection.3.2.2.33}{\376\377\0003\000.\0002\000.\0002\000.\0003\0003\000\040\000m\000e\000a\000n\000\137\000e\000r\000r\000o\000r\000\137\000n\000o\000\137\000g\000r\000o\000u\000p\000s\0002}{subsection.3.2.2}% 96
\BOOKMARK [3][-]{subsubsection.3.2.2.34}{\376\377\0003\000.\0002\000.\0002\000.\0003\0004\000\040\000m\000e\000d\000i\000a\000n}{subsection.3.2.2}% 97
\BOOKMARK [3][-]{subsubsection.3.2.2.35}{\376\377\0003\000.\0002\000.\0002\000.\0003\0005\000\040\000m\000e\000d\000i\000a\000n\0002}{subsection.3.2.2}% 98
\BOOKMARK [3][-]{subsubsection.3.2.2.36}{\376\377\0003\000.\0002\000.\0002\000.\0003\0006\000\040\000m\000s\000e}{subsection.3.2.2}% 99
\BOOKMARK [3][-]{subsubsection.3.2.2.37}{\376\377\0003\000.\0002\000.\0002\000.\0003\0007\000\040\000m\000s\000e\0002}{subsection.3.2.2}% 100
\BOOKMARK [3][-]{subsubsection.3.2.2.38}{\376\377\0003\000.\0002\000.\0002\000.\0003\0008\000\040\000m\000s\000e\000\137\000n\000o\000\137\000g\000r\000o\000u\000p\000s}{subsection.3.2.2}% 101
\BOOKMARK [3][-]{subsubsection.3.2.2.39}{\376\377\0003\000.\0002\000.\0002\000.\0003\0009\000\040\000m\000s\000e\000\137\000n\000o\000\137\000g\000r\000o\000u\000p\000s\0002}{subsection.3.2.2}% 102
\BOOKMARK [3][-]{subsubsection.3.2.2.40}{\376\377\0003\000.\0002\000.\0002\000.\0004\0000\000\040\000o\000r\000i\000g\000i\000n\000a\000l\000\137\000d\000a\000t\000a}{subsection.3.2.2}% 103
\BOOKMARK [3][-]{subsubsection.3.2.2.41}{\376\377\0003\000.\0002\000.\0002\000.\0004\0001\000\040\000o\000r\000i\000g\000i\000n\000a\000l\000\137\000p\000a\000t\000h}{subsection.3.2.2}% 104
\BOOKMARK [3][-]{subsubsection.3.2.2.42}{\376\377\0003\000.\0002\000.\0002\000.\0004\0002\000\040\000p\000o\000i\000n\000t\000\137\000i\000n\000d\000e\000x}{subsection.3.2.2}% 105
\BOOKMARK [3][-]{subsubsection.3.2.2.43}{\376\377\0003\000.\0002\000.\0002\000.\0004\0003\000\040\000p\000o\000i\000n\000t\000s}{subsection.3.2.2}% 106
\BOOKMARK [3][-]{subsubsection.3.2.2.44}{\376\377\0003\000.\0002\000.\0002\000.\0004\0004\000\040\000r\000e\000f\000\137\000d\000a\000t\000a}{subsection.3.2.2}% 107
\BOOKMARK [3][-]{subsubsection.3.2.2.45}{\376\377\0003\000.\0002\000.\0002\000.\0004\0005\000\040\000r\000e\000f\000\137\000p\000a\000t\000h}{subsection.3.2.2}% 108
\BOOKMARK [3][-]{subsubsection.3.2.2.46}{\376\377\0003\000.\0002\000.\0002\000.\0004\0006\000\040\000r\000m\000s\000d}{subsection.3.2.2}% 109
\BOOKMARK [3][-]{subsubsection.3.2.2.47}{\376\377\0003\000.\0002\000.\0002\000.\0004\0007\000\040\000r\000m\000s\000d\0002}{subsection.3.2.2}% 110
\BOOKMARK [3][-]{subsubsection.3.2.2.48}{\376\377\0003\000.\0002\000.\0002\000.\0004\0008\000\040\000r\000m\000s\000e}{subsection.3.2.2}% 111
\BOOKMARK [3][-]{subsubsection.3.2.2.49}{\376\377\0003\000.\0002\000.\0002\000.\0004\0009\000\040\000r\000m\000s\000e\000\137\000n\000o\000\137\000g\000r\000o\000u\000p\000s\0002}{subsection.3.2.2}% 112
\BOOKMARK [3][-]{subsubsection.3.2.2.50}{\376\377\0003\000.\0002\000.\0002\000.\0005\0000\000\040\000s\000m\000o\000o\000t\000h\000e\000d\000\137\000c\000o\000o\000r\000d\000s}{subsection.3.2.2}% 113
\BOOKMARK [3][-]{subsubsection.3.2.2.51}{\376\377\0003\000.\0002\000.\0002\000.\0005\0001\000\040\000s\000m\000o\000o\000t\000h\000e\000d\000\137\000d\000a\000t\000a}{subsection.3.2.2}% 114
\BOOKMARK [3][-]{subsubsection.3.2.2.52}{\376\377\0003\000.\0002\000.\0002\000.\0005\0002\000\040\000s\000m\000o\000o\000t\000h\000e\000d\000\137\000p\000a\000t\000h}{subsection.3.2.2}% 115
\BOOKMARK [3][-]{subsubsection.3.2.2.53}{\376\377\0003\000.\0002\000.\0002\000.\0005\0003\000\040\000t\000i\000m\000e}{subsection.3.2.2}% 116
\BOOKMARK [0][-]{chapter.4}{\376\377\0004\000\040\000F\000i\000l\000e\000\040\000D\000o\000c\000u\000m\000e\000n\000t\000a\000t\000i\000o\000n}{}% 117
\BOOKMARK [1][-]{section.4.1}{\376\377\0004\000.\0001\000\040\000k\000o\000l\000u\000m\000n\000o\000w\000e\000.\000p\000y\000\040\000F\000i\000l\000e\000\040\000R\000e\000f\000e\000r\000e\000n\000c\000e}{chapter.4}% 118
\BOOKMARK [2][-]{subsection.4.1.1}{\376\377\0004\000.\0001\000.\0001\000\040\000D\000e\000t\000a\000i\000l\000e\000d\000\040\000D\000e\000s\000c\000r\000i\000p\000t\000i\000o\000n}{section.4.1}% 119
\BOOKMARK [1][-]{section.4.2}{\376\377\0004\000.\0002\000\040\000m\000a\000i\000n\000.\000p\000y\000\040\000F\000i\000l\000e\000\040\000R\000e\000f\000e\000r\000e\000n\000c\000e}{chapter.4}% 120
\BOOKMARK [2][-]{subsection.4.2.1}{\376\377\0004\000.\0002\000.\0001\000\040\000D\000e\000t\000a\000i\000l\000e\000d\000\040\000D\000e\000s\000c\000r\000i\000p\000t\000i\000o\000n}{section.4.2}% 121
\BOOKMARK [0][-]{section*.11}{\376\377\000I\000n\000d\000e\000x}{}% 122
